14:08:03.433   100727
14:08:03.441   100728
14:08:03.441   100729
14:08:03.441   100730
14:08:03.477   100731
14:08:03.477   100732
14:08:03.480   100733
14:08:03.480   100734
14:08:03.480   100735
14:08:03.482   100736
14:08:03.484   100737
14:08:03.487   100738
14:08:03.491   100739
14:08:03.493   100740
14:08:03.496   100741
14:08:03.499   100742
14:08:03.578   100743
14:08:03.578   100743
14:08:03.578   100745
14:08:03.578   100746
14:08:03.634   100747
14:08:03.634   100747
14:08:03.634   100750
14:08:03.634   100747
14:08:03.678   100751
14:08:03.678   100752
14:08:03.695   100753
14:08:03.702   100754
14:08:03.718   100755
14:08:03.733   100757
14:08:03.733   100756
14:08:03.741   100758
14:08:03.762   100759
14:08:03.767   100761
14:08:03.767   100761
14:08:03.798   100763
14:08:03.798   100762
14:08:03.825   100764
14:08:03.825   100765
14:08:03.859   100766
14:08:03.913   100767
14:08:03.914   100767
14:08:03.914   100769
14:08:03.914   100768
14:08:03.914   100769
14:08:03.944   100770
14:08:03.951   100771
14:08:03.980   100772
14:08:03.980   100773
14:08:04.017   100774
14:08:04.038   100775
14:08:04.038   100776
14:08:04.080   100777
14:08:04.090   100778
14:08:04.132   100779
14:08:04.132   100780
14:08:04.143   100781
14:08:04.145   100782
14:08:04.146   100783
14:08:04.194   100785
14:08:04.194   100785
14:08:04.194   100785
14:08:04.226   100786
14:08:04.226   100787
14:08:04.262   100788
14:08:04.286   100788
14:08:04.287   100788
14:08:04.306   100790
14:08:04.306   100791
14:08:04.340   100792
14:08:04.340   100793
14:08:04.369   100794
14:08:04.379   100795
14:08:04.394   100796
14:08:04.402   100797
14:08:04.417   100798
14:08:04.466   100801
14:08:04.466   100799
14:08:04.495   100800
14:08:04.495   100802
14:08:04.507   100802
14:08:04.538   100803
14:08:04.538   100804
14:08:04.552   100805
14:08:04.569   100806
14:08:04.569   100808
14:08:04.608   100808
14:08:04.608   100809
14:08:04.608   100808
14:08:04.617   100810
14:08:04.659   100811
14:08:04.659   100812
14:08:04.676   100813
14:08:04.676   100814
14:08:04.708   100815
14:08:04.726   100816
14:08:04.739   100817
14:08:04.768   100818
14:08:04.769   100819
14:08:04.769   100820
14:08:04.793   100821
14:08:04.793   100822
14:08:04.807   100823
14:08:04.830   100824
14:08:04.836   100825
14:08:04.844   100826
14:08:04.858   100827
14:08:04.863   100828
14:08:04.889   100829
14:08:04.889   100830
14:08:04.895   100831
14:08:04.930   100832
14:08:04.930   100833
14:08:04.948   100834
14:08:04.964   100834
14:08:04.971   100836
14:08:04.979   100837
14:08:05.005   100838
14:08:05.044   100839
14:08:05.051   100840
14:08:05.051   100841
14:08:05.057   100842
14:08:05.073   100844
14:08:05.093   100845
14:08:05.093   100843
14:08:05.093   100846
14:08:05.103   100847
14:08:05.120   100848
14:08:05.140   100849
14:08:05.157   100850
14:08:05.158   100851
14:08:05.186   100852
14:08:05.186   100853
14:08:05.207   100854
14:08:05.207   100855
14:08:05.207   100856
14:08:05.250   100857
14:08:05.250   100858
14:08:05.271   100859
14:08:05.282   100860
14:08:05.295   100861
14:08:05.317   100862
14:08:05.317   100863
14:08:05.365   100864
14:08:05.365   100865
14:08:05.365   100866
14:08:05.386   100867
14:08:05.411   100868
14:08:05.411   100869
14:08:05.423   100870
14:08:05.431   100871
14:08:05.469   100873
14:08:05.469   100874
14:08:05.469   100875
14:08:05.469   100872
14:08:05.496   100876
14:08:05.496   100877
14:08:05.509   100878
14:08:05.530   100879
14:08:05.552   100880
14:08:05.570   100881
14:08:05.580   100882
14:08:05.593   100883
14:08:05.610   100884
14:08:05.629   100885
14:08:05.640   100886
14:08:05.651   100887
14:08:05.666   100888
14:08:05.673   100889
14:08:05.698   100890
14:08:05.710   100891
14:08:05.769   100892
14:08:05.791   100893
14:08:05.791   100894
14:08:05.791   100895
14:08:05.791   100896
14:08:05.806   100897
14:08:05.806   100898
14:08:05.819   100899
14:08:05.819   100901
14:08:05.825   100900
14:08:05.859   100902
14:08:05.859   100903
14:08:05.880   100903
14:08:05.886   100905
14:08:05.896   100906
14:08:05.914   100907
14:08:05.923   100908
14:08:05.932   100909
14:08:05.932   100910
14:08:05.966   100911
14:08:05.984   100912
14:08:06.004   100913
14:08:06.012   100914
14:08:06.012   100915
14:08:06.046   100916
14:08:06.046   100917
14:08:06.070   100918
14:08:06.081   100919
14:08:06.104   100920
14:08:06.105   100921
14:08:06.119   100922
14:08:06.147   100923
14:08:06.147   100924
14:08:06.147   100925
14:08:06.147   100926
14:08:06.165   100927
14:08:06.174   100928
14:08:06.188   100929
14:08:06.199   100930
14:08:06.211   100931
14:08:06.225   100932
14:08:06.268   100932
14:08:06.268   100934
14:08:06.268   100934
14:08:06.289   100935
14:08:06.326   100936
14:08:06.326   100937
14:08:06.353   100938
14:08:06.368   100939
14:08:06.368   100940
14:08:06.407   100941
14:08:06.407   100942
14:08:06.417   100943
14:08:06.425   100944
14:08:06.444   100945
14:08:06.459   100947
14:08:06.459   100946
14:08:06.486   100948
14:08:06.486   100949
14:08:06.486   100950
14:08:06.507   100951
14:08:06.530   100953
14:08:06.530   100955
14:08:06.530   100954
14:08:06.531   100952
14:08:06.551   100957
14:08:06.565   100957
14:08:06.568   100957
14:08:06.583   100959
14:08:06.591   100960
14:08:06.609   100961
14:08:06.609   100962
14:08:06.609   100963
14:08:06.649   100964
14:08:06.664   100964
14:08:06.674   100966
14:08:06.674   100967
14:08:06.674   100968
14:08:06.732   100969
14:08:06.732   100970
14:08:06.732   100971
14:08:06.732   100972
14:08:06.732   100973
14:08:06.809   100974
14:08:06.838   100976
14:08:06.839   100977
14:08:06.839   100978
14:08:06.846   100975
14:08:06.846   100979
14:08:06.876   100981
14:08:06.876   100981
14:08:06.877   100982
14:08:06.877   100983
14:08:06.877   100984
14:08:06.923   100985
14:08:06.954   100986
14:08:06.957   100987
14:08:06.957   100988
14:08:06.985   100989
14:08:06.985   100990
14:08:06.997   100991
14:08:07.047   100992
14:08:07.047   100993
14:08:07.047   100994
14:08:07.056   100995
14:08:07.056   100996
14:08:07.097   100998
14:08:07.154   100998
14:08:07.162   100999
14:08:07.162   101000
14:08:07.162   101001
14:08:07.162   101002
14:08:07.206   101003
14:08:07.207   101006
14:08:07.218   101005
14:08:07.219   101005
14:08:07.255   101007
14:08:07.256   101008
14:08:07.271   101009
14:08:07.287   101010
14:08:07.287   101011
14:08:07.320   101012
14:08:07.326   101013
14:08:07.326   101014
14:08:07.359   101015
14:08:07.374   101016
14:08:07.374   101016
14:08:07.378   101016
14:08:07.422   101018
14:08:07.422   101019
14:08:07.423   101020
14:08:07.450   101021
14:08:07.472   101022
14:08:07.483   101023
14:08:07.483   101024
14:08:07.501   101025
14:08:07.515   101026
14:08:07.523   101027
14:08:07.558   101028
14:08:07.559   101029
14:08:07.588   101030
14:08:07.598   101031
14:08:07.620   101032
14:08:07.639   101033
14:08:07.640   101034
14:08:07.640   101035
14:08:07.640   101036
14:08:07.657   101037
14:08:07.667   101038
14:08:07.705   101039
14:08:07.705   101040
14:08:07.710   101041
14:08:07.738   101042
14:08:07.777   101043
14:08:07.795   101044
14:08:07.804   101045
14:08:07.823   101046
14:08:07.823   101047
14:08:07.848   101048
14:08:07.853   101049
14:08:07.853   101050
14:08:07.871   101051
14:08:07.886   101053
14:08:07.897   101052
14:08:07.898   101054
14:08:07.915   101055
14:08:07.936   101056
14:08:07.952   101057
14:08:07.952   101058
14:08:07.959   101059
14:08:07.991   101060
14:08:07.992   101061
14:08:08.008   101062
14:08:08.028   101063
14:08:08.029   101064
14:08:08.066   101064
14:08:08.066   101065
14:08:08.066   101066
14:08:08.069   101067
14:08:08.070   101068
14:08:08.075   101069
14:08:08.098   101070
14:08:08.109   101071
14:08:08.109   101072
14:08:08.127   101073
14:08:08.161   101074
14:08:08.161   101074
14:08:08.167   101075
14:08:08.178   101076
14:08:08.202   101076
14:08:08.202   101077
14:08:08.208   101078
14:08:08.229   101079
14:08:08.238   101080
14:08:08.245   101081
14:08:08.259   101082
14:08:08.265   101083
14:08:08.284   101084
14:08:08.290   101085
14:08:08.305   101086
14:08:08.311   101087
14:08:08.328   101088
14:08:08.343   101089
14:08:08.370   101090
14:08:08.375   101091
14:08:08.375   101092
14:08:08.394   101093
14:08:08.412   101094
14:08:08.414   101094
14:08:08.437   101095
14:08:08.449   101096
14:08:08.484   101097
14:08:08.484   101097
14:08:08.484   101097
14:08:08.493   101099
14:08:08.518   101100
14:08:08.522   101101
14:08:08.583   101103
14:08:08.589   101103
14:08:08.589   101104
14:08:08.589   101105
14:08:08.612   101106
14:08:08.612   101107
14:08:08.633   101108
14:08:08.636   101109
14:08:08.636   101110
14:08:08.660   101111
14:08:08.673   101112
14:08:08.673   101113
14:08:08.681   101114
14:08:08.701   101115
14:08:08.706   101116
14:08:08.706   101116
14:08:08.707   101117
14:08:08.755   101118
14:08:08.755   101119
14:08:08.784   101120
14:08:08.794   101121
14:08:08.811   101122
14:08:08.811   101123
14:08:08.813   101124
14:08:08.842   101125
14:08:08.850   101126
14:08:08.865   101127
14:08:08.872   101127
14:08:08.904   101128
14:08:08.910   101130
14:08:08.910   101128
14:08:08.910   101131
14:08:08.935   101132
14:08:08.954   101133
14:08:08.986   101134
14:08:09.000   101135
14:08:09.001   101137
14:08:09.001   101138
14:08:09.024   101136
14:08:09.025   101139
14:08:09.025   101140
14:08:09.052   101141
14:08:09.063   101142
14:08:09.098   101143
14:08:09.099   101144
14:08:09.119   101145
14:08:09.119   101146
14:08:09.120   101147
14:08:09.127   101148
14:08:09.176   101149
14:08:09.176   101150
14:08:09.185   101151
14:08:09.185   101152
14:08:09.224   101153
14:08:09.224   101154
14:08:09.225   101155
14:08:09.237   101156
14:08:09.283   101157
14:08:09.283   101158
14:08:09.292   101159
14:08:09.309   101160
14:08:09.312   101161
14:08:09.342   101162
14:08:09.342   101163
14:08:09.353   101164
14:08:09.366   101165
14:08:09.392   101168
14:08:09.392   101168
14:08:09.406   101168
14:08:09.406   101168
14:08:09.420   101169
14:08:09.434   101170
14:08:09.469   101171
14:08:09.469   101172
14:08:09.480   101173
14:08:09.480   101174
14:08:09.491   101175
14:08:09.512   101176
14:08:09.530   101177
14:08:09.530   101179
14:08:09.530   101178
14:08:09.535   101180
14:08:09.601   101181
14:08:09.601   101182
14:08:09.635   101183
